2017-Nov-05 20:45:48.102 INFO  [restartedMain] c.b.ResourceServerApplication - Starting ResourceServerApplication on Ha-PC with PID 7436 (D:\Spring\ecommerce\spring-ecommerce-v1\common-resource\target\classes started by Ha in D:\Spring\ecommerce\spring-ecommerce-v1\common-resource)
2017-Nov-05 20:45:48.104 DEBUG [restartedMain] c.b.ResourceServerApplication - Running with Spring Boot v1.5.1.RELEASE, Spring v4.3.6.RELEASE
2017-Nov-05 20:45:48.104 INFO  [restartedMain] c.b.ResourceServerApplication - No active profile set, falling back to default profiles: default
2017-Nov-05 20:45:48.187 INFO  [restartedMain] o.s.b.c.e.AnnotationConfigEmbeddedWebApplicationContext - Refreshing org.springframework.boot.context.embedded.AnnotationConfigEmbeddedWebApplicationContext@39af32db: startup date [Sun Nov 05 20:45:48 ICT 2017]; root of context hierarchy
2017-Nov-05 20:45:50.391 INFO  [restartedMain] o.s.c.s.PostProcessorRegistrationDelegate$BeanPostProcessorChecker - Bean 'org.springframework.boot.autoconfigure.validation.ValidationAutoConfiguration' of type [class org.springframework.boot.autoconfigure.validation.ValidationAutoConfiguration] is not eligible for getting processed by all BeanPostProcessors (for example: not eligible for auto-proxying)
2017-Nov-05 20:45:50.486 INFO  [restartedMain] o.s.c.s.PostProcessorRegistrationDelegate$BeanPostProcessorChecker - Bean 'validator' of type [class org.springframework.validation.beanvalidation.LocalValidatorFactoryBean] is not eligible for getting processed by all BeanPostProcessors (for example: not eligible for auto-proxying)
2017-Nov-05 20:45:50.554 INFO  [restartedMain] o.s.c.s.PostProcessorRegistrationDelegate$BeanPostProcessorChecker - Bean 'org.springframework.transaction.annotation.ProxyTransactionManagementConfiguration' of type [class org.springframework.transaction.annotation.ProxyTransactionManagementConfiguration$$EnhancerBySpringCGLIB$$237f7958] is not eligible for getting processed by all BeanPostProcessors (for example: not eligible for auto-proxying)
2017-Nov-05 20:45:50.628 INFO  [restartedMain] o.s.c.s.PostProcessorRegistrationDelegate$BeanPostProcessorChecker - Bean 'org.springframework.security.config.annotation.configuration.ObjectPostProcessorConfiguration' of type [class org.springframework.security.config.annotation.configuration.ObjectPostProcessorConfiguration$$EnhancerBySpringCGLIB$$bc2d4192] is not eligible for getting processed by all BeanPostProcessors (for example: not eligible for auto-proxying)
2017-Nov-05 20:45:50.642 INFO  [restartedMain] o.s.c.s.PostProcessorRegistrationDelegate$BeanPostProcessorChecker - Bean 'objectPostProcessor' of type [class org.springframework.security.config.annotation.configuration.AutowireBeanFactoryObjectPostProcessor] is not eligible for getting processed by all BeanPostProcessors (for example: not eligible for auto-proxying)
2017-Nov-05 20:45:50.647 INFO  [restartedMain] o.s.c.s.PostProcessorRegistrationDelegate$BeanPostProcessorChecker - Bean 'org.springframework.security.access.expression.method.DefaultMethodSecurityExpressionHandler@20dee477' of type [class org.springframework.security.oauth2.provider.expression.OAuth2MethodSecurityExpressionHandler] is not eligible for getting processed by all BeanPostProcessors (for example: not eligible for auto-proxying)
2017-Nov-05 20:45:50.660 INFO  [restartedMain] o.s.c.s.PostProcessorRegistrationDelegate$BeanPostProcessorChecker - Bean 'methodSecurityConfig' of type [class com.be.MethodSecurityConfig$$EnhancerBySpringCGLIB$$4345053e] is not eligible for getting processed by all BeanPostProcessors (for example: not eligible for auto-proxying)
2017-Nov-05 20:45:50.677 INFO  [restartedMain] o.s.c.s.PostProcessorRegistrationDelegate$BeanPostProcessorChecker - Bean 'methodSecurityMetadataSource' of type [class org.springframework.security.access.method.DelegatingMethodSecurityMetadataSource] is not eligible for getting processed by all BeanPostProcessors (for example: not eligible for auto-proxying)
2017-Nov-05 20:45:51.348 INFO  [restartedMain] o.s.b.c.e.t.TomcatEmbeddedServletContainer - Tomcat initialized with port(s): 8082 (http)
2017-Nov-05 20:45:51.362 INFO  [restartedMain] o.a.c.c.StandardService - Starting service Tomcat
2017-Nov-05 20:45:51.363 INFO  [restartedMain] o.a.c.c.StandardEngine - Starting Servlet Engine: Apache Tomcat/8.5.11
2017-Nov-05 20:45:51.467 INFO  [localhost-startStop-1] o.a.c.c.C.[.[.[/common-resource] - Initializing Spring embedded WebApplicationContext
2017-Nov-05 20:45:51.468 INFO  [localhost-startStop-1] o.s.w.c.ContextLoader - Root WebApplicationContext: initialization completed in 3286 ms
2017-Nov-05 20:45:51.947 INFO  [localhost-startStop-1] o.s.b.w.s.FilterRegistrationBean - Mapping filter: 'corsFilter' to: [/*]
2017-Nov-05 20:45:51.950 INFO  [localhost-startStop-1] o.s.b.w.s.FilterRegistrationBean - Mapping filter: 'errorPageFilter' to: [/*]
2017-Nov-05 20:45:51.951 INFO  [localhost-startStop-1] o.s.b.w.s.FilterRegistrationBean - Mapping filter: 'characterEncodingFilter' to: [/*]
2017-Nov-05 20:45:51.951 INFO  [localhost-startStop-1] o.s.b.w.s.FilterRegistrationBean - Mapping filter: 'hiddenHttpMethodFilter' to: [/*]
2017-Nov-05 20:45:51.951 INFO  [localhost-startStop-1] o.s.b.w.s.FilterRegistrationBean - Mapping filter: 'httpPutFormContentFilter' to: [/*]
2017-Nov-05 20:45:51.951 INFO  [localhost-startStop-1] o.s.b.w.s.FilterRegistrationBean - Mapping filter: 'requestContextFilter' to: [/*]
2017-Nov-05 20:45:51.953 INFO  [localhost-startStop-1] o.s.b.w.s.DelegatingFilterProxyRegistrationBean - Mapping filter: 'springSecurityFilterChain' to: [/*]
2017-Nov-05 20:45:51.954 INFO  [localhost-startStop-1] o.s.b.w.s.ServletRegistrationBean - Mapping servlet: 'dispatcherServlet' to [/]
2017-Nov-05 20:45:52.405 INFO  [restartedMain] c.z.h.HikariDataSource - HikariPool-1 - Starting...
2017-Nov-05 20:45:52.791 INFO  [restartedMain] c.z.h.HikariDataSource - HikariPool-1 - Start completed.
2017-Nov-05 20:45:52.874 INFO  [restartedMain] o.s.o.j.LocalContainerEntityManagerFactoryBean - Building JPA container EntityManagerFactory for persistence unit 'default'
2017-Nov-05 20:45:52.890 INFO  [restartedMain] o.h.j.i.u.LogHelper - HHH000204: Processing PersistenceUnitInfo [
	name: default
	...]
2017-Nov-05 20:45:52.975 INFO  [restartedMain] o.h.Version - HHH000412: Hibernate Core {5.0.11.Final}
2017-Nov-05 20:45:52.979 INFO  [restartedMain] o.h.c.Environment - HHH000206: hibernate.properties not found
2017-Nov-05 20:45:52.981 INFO  [restartedMain] o.h.c.Environment - HHH000021: Bytecode provider name : javassist
2017-Nov-05 20:45:53.044 INFO  [restartedMain] o.h.a.c.Version - HCANN000001: Hibernate Commons Annotations {5.0.1.Final}
2017-Nov-05 20:45:53.183 INFO  [restartedMain] o.h.d.Dialect - HHH000400: Using dialect: org.hibernate.dialect.MySQLDialect
2017-Nov-05 20:45:58.223 INFO  [restartedMain] o.s.o.j.LocalContainerEntityManagerFactoryBean - Initialized JPA EntityManagerFactory for persistence unit 'default'
2017-Nov-05 20:46:01.254 INFO  [restartedMain] o.h.h.i.QueryTranslatorFactoryInitiator - HHH000397: Using ASTQueryTranslatorFactory
2017-Nov-05 20:46:04.342 INFO  [restartedMain] o.s.w.s.m.m.a.RequestMappingHandlerAdapter - Looking for @ControllerAdvice: org.springframework.boot.context.embedded.AnnotationConfigEmbeddedWebApplicationContext@39af32db: startup date [Sun Nov 05 20:45:48 ICT 2017]; root of context hierarchy
2017-Nov-05 20:46:04.529 INFO  [restartedMain] o.s.w.s.m.m.a.RequestMappingHandlerMapping - Mapped "{[/bars],methods=[POST]}" onto public com.be.web.dto.Bar com.be.web.controller.BarController.create(com.be.web.dto.Bar)
2017-Nov-05 20:46:04.530 INFO  [restartedMain] o.s.w.s.m.m.a.RequestMappingHandlerMapping - Mapped "{[/bars/{id}],methods=[GET]}" onto public com.be.web.dto.Bar com.be.web.controller.BarController.findById(long)
2017-Nov-05 20:46:04.531 INFO  [restartedMain] o.s.w.s.m.m.a.RequestMappingHandlerMapping - Mapped "{[/foos],methods=[POST]}" onto public com.be.web.dto.Foo com.be.web.controller.FooController.create(com.be.web.dto.Foo)
2017-Nov-05 20:46:04.531 INFO  [restartedMain] o.s.w.s.m.m.a.RequestMappingHandlerMapping - Mapped "{[/foos/{id}],methods=[GET]}" onto public com.be.web.dto.Foo com.be.web.controller.FooController.findById(long)
2017-Nov-05 20:46:04.533 INFO  [restartedMain] o.s.w.s.m.m.a.RequestMappingHandlerMapping - Mapped "{[/users/extra],methods=[GET]}" onto public java.util.Map<java.lang.String, java.lang.Object> com.be.web.controller.UserController.getExtraInfo(org.springframework.security.oauth2.provider.OAuth2Authentication)
2017-Nov-05 20:46:04.534 INFO  [restartedMain] o.s.w.s.m.m.a.RequestMappingHandlerMapping - Mapped "{[/roles],methods=[GET]}" onto public java.util.Collection<? extends org.springframework.security.core.GrantedAuthority> com.be.web.controller.UserController.currentUserName(org.springframework.security.core.Authentication)
2017-Nov-05 20:46:04.534 INFO  [restartedMain] o.s.w.s.m.m.a.RequestMappingHandlerMapping - Mapped "{[/username],methods=[GET]}" onto public java.lang.String com.be.web.controller.UserController.currentUserName(java.security.Principal,javax.servlet.http.HttpServletRequest)
2017-Nov-05 20:46:04.534 INFO  [restartedMain] o.s.w.s.m.m.a.RequestMappingHandlerMapping - Mapped "{[/user],methods=[POST],consumes=[application/json]}" onto public com.be.web.dto.CommonResponse<com.be.web.entities.User> com.be.web.controller.UserController.createUser(com.be.web.dto.UserData)
2017-Nov-05 20:46:04.535 INFO  [restartedMain] o.s.w.s.m.m.a.RequestMappingHandlerMapping - Mapped "{[/user],methods=[PUT],consumes=[application/json]}" onto public com.be.web.dto.CommonResponse<com.be.web.entities.User> com.be.web.controller.UserController.updateUser(com.be.web.dto.UserData)
2017-Nov-05 20:46:04.535 INFO  [restartedMain] o.s.w.s.m.m.a.RequestMappingHandlerMapping - Mapped "{[/user/{id}],methods=[GET],produces=[application/json]}" onto public com.be.web.dto.CommonResponse<com.be.web.entities.User> com.be.web.controller.UserController.getUser(java.lang.Long)
2017-Nov-05 20:46:04.535 INFO  [restartedMain] o.s.w.s.m.m.a.RequestMappingHandlerMapping - Mapped "{[/users],methods=[GET],produces=[application/json]}" onto public com.be.web.dto.CommonResponse<java.util.List<com.be.web.entities.User>> com.be.web.controller.UserController.getListUsers(javax.servlet.http.HttpServletRequest,java.security.Principal)
2017-Nov-05 20:46:04.536 INFO  [restartedMain] o.s.w.s.m.m.a.RequestMappingHandlerMapping - Mapped "{[/user/username/{username}],methods=[GET],produces=[application/json]}" onto public com.be.web.dto.CommonResponse<com.be.web.entities.User> com.be.web.controller.UserController.getUserByUsername(java.lang.String)
2017-Nov-05 20:46:04.540 INFO  [restartedMain] o.s.w.s.m.m.a.RequestMappingHandlerMapping - Mapped "{[/error]}" onto public org.springframework.http.ResponseEntity<java.util.Map<java.lang.String, java.lang.Object>> org.springframework.boot.autoconfigure.web.BasicErrorController.error(javax.servlet.http.HttpServletRequest)
2017-Nov-05 20:46:04.541 INFO  [restartedMain] o.s.w.s.m.m.a.RequestMappingHandlerMapping - Mapped "{[/error],produces=[text/html]}" onto public org.springframework.web.servlet.ModelAndView org.springframework.boot.autoconfigure.web.BasicErrorController.errorHtml(javax.servlet.http.HttpServletRequest,javax.servlet.http.HttpServletResponse)
2017-Nov-05 20:46:04.760 INFO  [restartedMain] o.s.w.s.h.SimpleUrlHandlerMapping - Mapped URL path [/webjars/**] onto handler of type [class org.springframework.web.servlet.resource.ResourceHttpRequestHandler]
2017-Nov-05 20:46:04.760 INFO  [restartedMain] o.s.w.s.h.SimpleUrlHandlerMapping - Mapped URL path [/**] onto handler of type [class org.springframework.web.servlet.resource.ResourceHttpRequestHandler]
2017-Nov-05 20:46:04.921 INFO  [restartedMain] o.s.w.s.h.SimpleUrlHandlerMapping - Mapped URL path [/**/favicon.ico] onto handler of type [class org.springframework.web.servlet.resource.ResourceHttpRequestHandler]
2017-Nov-05 20:46:05.548 INFO  [restartedMain] o.s.b.a.s.AuthenticationManagerConfiguration - 

Using default security password: e8f35490-837c-46b3-912f-dc8ff3fea8b4

2017-Nov-05 20:46:05.715 INFO  [restartedMain] o.s.s.w.DefaultSecurityFilterChain - Creating filter chain: OrRequestMatcher [requestMatchers=[Ant [pattern='/css/**'], Ant [pattern='/js/**'], Ant [pattern='/images/**'], Ant [pattern='/webjars/**'], Ant [pattern='/**/favicon.ico'], Ant [pattern='/error']]], []
2017-Nov-05 20:46:05.892 INFO  [restartedMain] o.s.s.w.DefaultSecurityFilterChain - Creating filter chain: org.springframework.security.web.util.matcher.AnyRequestMatcher@1, [org.springframework.security.web.context.request.async.WebAsyncManagerIntegrationFilter@12f396a, org.springframework.security.web.context.SecurityContextPersistenceFilter@6d9f0b33, org.springframework.security.web.header.HeaderWriterFilter@5c415dd3, org.springframework.security.web.authentication.logout.LogoutFilter@57f250c7, org.springframework.security.oauth2.provider.authentication.OAuth2AuthenticationProcessingFilter@bbe5f75, org.springframework.security.web.savedrequest.RequestCacheAwareFilter@30f47abb, org.springframework.security.web.servletapi.SecurityContextHolderAwareRequestFilter@71f7561c, org.springframework.security.web.authentication.AnonymousAuthenticationFilter@33bb1b6a, org.springframework.security.web.session.SessionManagementFilter@54edcd5e, org.springframework.security.web.access.ExceptionTranslationFilter@4390750c, org.springframework.security.web.access.intercept.FilterSecurityInterceptor@13c82f88]
2017-Nov-05 20:46:05.937 INFO  [restartedMain] o.s.s.w.DefaultSecurityFilterChain - Creating filter chain: OrRequestMatcher [requestMatchers=[Ant [pattern='/**']]], [org.springframework.security.web.context.request.async.WebAsyncManagerIntegrationFilter@9e1cdf7, org.springframework.security.web.context.SecurityContextPersistenceFilter@b44016e, org.springframework.security.web.header.HeaderWriterFilter@72a77018, org.springframework.security.web.authentication.logout.LogoutFilter@4c7432d4, org.springframework.security.web.authentication.www.BasicAuthenticationFilter@3fcd68a0, org.springframework.security.web.savedrequest.RequestCacheAwareFilter@5fc9a4c3, org.springframework.security.web.servletapi.SecurityContextHolderAwareRequestFilter@16a73892, org.springframework.security.web.authentication.AnonymousAuthenticationFilter@27a8f358, org.springframework.security.web.session.SessionManagementFilter@70a78dbe, org.springframework.security.web.access.ExceptionTranslationFilter@7134bdb8, org.springframework.security.web.access.intercept.FilterSecurityInterceptor@316db5dc]
2017-Nov-05 20:46:06.186 WARN  [restartedMain] o.s.b.d.a.OptionalLiveReloadServer - Unable to start LiveReload server
2017-Nov-05 20:46:06.494 INFO  [restartedMain] o.s.j.e.a.AnnotationMBeanExporter - Registering beans for JMX exposure on startup
2017-Nov-05 20:46:06.497 INFO  [restartedMain] o.s.j.e.a.AnnotationMBeanExporter - Bean with name 'dataSource' has been autodetected for JMX exposure
2017-Nov-05 20:46:06.507 INFO  [restartedMain] o.s.j.e.a.AnnotationMBeanExporter - Located MBean 'dataSource': registering with JMX server as MBean [com.zaxxer.hikari:name=dataSource,type=HikariDataSource]
2017-Nov-05 20:46:06.581 INFO  [restartedMain] o.s.b.c.e.t.TomcatEmbeddedServletContainer - Tomcat started on port(s): 8082 (http)
2017-Nov-05 20:46:06.590 INFO  [restartedMain] c.b.ResourceServerApplication - Started ResourceServerApplication in 18.815 seconds (JVM running for 19.965)
2017-Nov-05 20:46:31.138 INFO  [http-nio-8082-exec-8] o.a.c.c.C.[.[.[/common-resource] - Initializing Spring FrameworkServlet 'dispatcherServlet'
2017-Nov-05 20:46:31.138 INFO  [http-nio-8082-exec-8] o.s.w.s.DispatcherServlet - FrameworkServlet 'dispatcherServlet': initialization started
2017-Nov-05 20:46:31.182 INFO  [http-nio-8082-exec-8] o.s.w.s.DispatcherServlet - FrameworkServlet 'dispatcherServlet': initialization completed in 43 ms
2017-Nov-05 20:46:42.348 INFO  [http-nio-8082-exec-9] c.b.w.c.UserController - Current usename: hoang.anh.tu
2017-Nov-05 20:46:44.485 INFO  [http-nio-8082-exec-9] c.b.w.c.UserController - currrent user: remoteAddress=0:0:0:0:0:0:0:1, tokenType=BearertokenValue=<TOKEN>
2017-Nov-05 20:46:52.231 INFO  [http-nio-8082-exec-9] c.b.w.c.UserController - current roles: [CUSTOMER]
2017-Nov-05 20:50:07.215 INFO  [restartedMain] c.b.ResourceServerApplication - Starting ResourceServerApplication on Ha-PC with PID 5940 (D:\Spring\ecommerce\spring-ecommerce-v1\common-resource\target\classes started by Ha in D:\Spring\ecommerce\spring-ecommerce-v1\common-resource)
2017-Nov-05 20:50:07.216 DEBUG [restartedMain] c.b.ResourceServerApplication - Running with Spring Boot v1.5.1.RELEASE, Spring v4.3.6.RELEASE
2017-Nov-05 20:50:07.216 INFO  [restartedMain] c.b.ResourceServerApplication - No active profile set, falling back to default profiles: default
2017-Nov-05 20:50:07.295 INFO  [restartedMain] o.s.b.c.e.AnnotationConfigEmbeddedWebApplicationContext - Refreshing org.springframework.boot.context.embedded.AnnotationConfigEmbeddedWebApplicationContext@7df5078e: startup date [Sun Nov 05 20:50:07 ICT 2017]; root of context hierarchy
2017-Nov-05 20:50:09.580 INFO  [restartedMain] o.s.c.s.PostProcessorRegistrationDelegate$BeanPostProcessorChecker - Bean 'org.springframework.boot.autoconfigure.validation.ValidationAutoConfiguration' of type [class org.springframework.boot.autoconfigure.validation.ValidationAutoConfiguration] is not eligible for getting processed by all BeanPostProcessors (for example: not eligible for auto-proxying)
2017-Nov-05 20:50:09.677 INFO  [restartedMain] o.s.c.s.PostProcessorRegistrationDelegate$BeanPostProcessorChecker - Bean 'validator' of type [class org.springframework.validation.beanvalidation.LocalValidatorFactoryBean] is not eligible for getting processed by all BeanPostProcessors (for example: not eligible for auto-proxying)
2017-Nov-05 20:50:09.740 INFO  [restartedMain] o.s.c.s.PostProcessorRegistrationDelegate$BeanPostProcessorChecker - Bean 'org.springframework.transaction.annotation.ProxyTransactionManagementConfiguration' of type [class org.springframework.transaction.annotation.ProxyTransactionManagementConfiguration$$EnhancerBySpringCGLIB$$940ce837] is not eligible for getting processed by all BeanPostProcessors (for example: not eligible for auto-proxying)
2017-Nov-05 20:50:09.819 INFO  [restartedMain] o.s.c.s.PostProcessorRegistrationDelegate$BeanPostProcessorChecker - Bean 'org.springframework.security.config.annotation.configuration.ObjectPostProcessorConfiguration' of type [class org.springframework.security.config.annotation.configuration.ObjectPostProcessorConfiguration$$EnhancerBySpringCGLIB$$2cbab071] is not eligible for getting processed by all BeanPostProcessors (for example: not eligible for auto-proxying)
2017-Nov-05 20:50:09.832 INFO  [restartedMain] o.s.c.s.PostProcessorRegistrationDelegate$BeanPostProcessorChecker - Bean 'objectPostProcessor' of type [class org.springframework.security.config.annotation.configuration.AutowireBeanFactoryObjectPostProcessor] is not eligible for getting processed by all BeanPostProcessors (for example: not eligible for auto-proxying)
2017-Nov-05 20:50:09.837 INFO  [restartedMain] o.s.c.s.PostProcessorRegistrationDelegate$BeanPostProcessorChecker - Bean 'org.springframework.security.access.expression.method.DefaultMethodSecurityExpressionHandler@4a4bf9c6' of type [class org.springframework.security.oauth2.provider.expression.OAuth2MethodSecurityExpressionHandler] is not eligible for getting processed by all BeanPostProcessors (for example: not eligible for auto-proxying)
2017-Nov-05 20:50:09.846 INFO  [restartedMain] o.s.c.s.PostProcessorRegistrationDelegate$BeanPostProcessorChecker - Bean 'methodSecurityConfig' of type [class com.be.MethodSecurityConfig$$EnhancerBySpringCGLIB$$b3d2741d] is not eligible for getting processed by all BeanPostProcessors (for example: not eligible for auto-proxying)
2017-Nov-05 20:50:09.862 INFO  [restartedMain] o.s.c.s.PostProcessorRegistrationDelegate$BeanPostProcessorChecker - Bean 'methodSecurityMetadataSource' of type [class org.springframework.security.access.method.DelegatingMethodSecurityMetadataSource] is not eligible for getting processed by all BeanPostProcessors (for example: not eligible for auto-proxying)
2017-Nov-05 20:50:10.488 INFO  [restartedMain] o.s.b.c.e.t.TomcatEmbeddedServletContainer - Tomcat initialized with port(s): 8082 (http)
2017-Nov-05 20:50:10.502 INFO  [restartedMain] o.a.c.c.StandardService - Starting service Tomcat
2017-Nov-05 20:50:10.503 INFO  [restartedMain] o.a.c.c.StandardEngine - Starting Servlet Engine: Apache Tomcat/8.5.11
2017-Nov-05 20:50:10.621 INFO  [localhost-startStop-1] o.a.c.c.C.[.[.[/common-resource] - Initializing Spring embedded WebApplicationContext
2017-Nov-05 20:50:10.622 INFO  [localhost-startStop-1] o.s.w.c.ContextLoader - Root WebApplicationContext: initialization completed in 3331 ms
2017-Nov-05 20:50:11.112 INFO  [localhost-startStop-1] o.s.b.w.s.FilterRegistrationBean - Mapping filter: 'corsFilter' to: [/*]
2017-Nov-05 20:50:11.113 INFO  [localhost-startStop-1] o.s.b.w.s.FilterRegistrationBean - Mapping filter: 'errorPageFilter' to: [/*]
2017-Nov-05 20:50:11.114 INFO  [localhost-startStop-1] o.s.b.w.s.FilterRegistrationBean - Mapping filter: 'characterEncodingFilter' to: [/*]
2017-Nov-05 20:50:11.115 INFO  [localhost-startStop-1] o.s.b.w.s.FilterRegistrationBean - Mapping filter: 'hiddenHttpMethodFilter' to: [/*]
2017-Nov-05 20:50:11.115 INFO  [localhost-startStop-1] o.s.b.w.s.FilterRegistrationBean - Mapping filter: 'httpPutFormContentFilter' to: [/*]
2017-Nov-05 20:50:11.116 INFO  [localhost-startStop-1] o.s.b.w.s.FilterRegistrationBean - Mapping filter: 'requestContextFilter' to: [/*]
2017-Nov-05 20:50:11.117 INFO  [localhost-startStop-1] o.s.b.w.s.DelegatingFilterProxyRegistrationBean - Mapping filter: 'springSecurityFilterChain' to: [/*]
2017-Nov-05 20:50:11.117 INFO  [localhost-startStop-1] o.s.b.w.s.ServletRegistrationBean - Mapping servlet: 'dispatcherServlet' to [/]
2017-Nov-05 20:50:11.535 INFO  [restartedMain] c.z.h.HikariDataSource - HikariPool-1 - Starting...
2017-Nov-05 20:50:11.841 INFO  [restartedMain] c.z.h.HikariDataSource - HikariPool-1 - Start completed.
2017-Nov-05 20:50:11.930 INFO  [restartedMain] o.s.o.j.LocalContainerEntityManagerFactoryBean - Building JPA container EntityManagerFactory for persistence unit 'default'
2017-Nov-05 20:50:11.952 INFO  [restartedMain] o.h.j.i.u.LogHelper - HHH000204: Processing PersistenceUnitInfo [
	name: default
	...]
2017-Nov-05 20:50:12.061 INFO  [restartedMain] o.h.Version - HHH000412: Hibernate Core {5.0.11.Final}
2017-Nov-05 20:50:12.064 INFO  [restartedMain] o.h.c.Environment - HHH000206: hibernate.properties not found
2017-Nov-05 20:50:12.065 INFO  [restartedMain] o.h.c.Environment - HHH000021: Bytecode provider name : javassist
2017-Nov-05 20:50:12.121 INFO  [restartedMain] o.h.a.c.Version - HCANN000001: Hibernate Commons Annotations {5.0.1.Final}
2017-Nov-05 20:50:12.270 INFO  [restartedMain] o.h.d.Dialect - HHH000400: Using dialect: org.hibernate.dialect.MySQLDialect
2017-Nov-05 20:50:13.129 INFO  [restartedMain] o.s.o.j.LocalContainerEntityManagerFactoryBean - Initialized JPA EntityManagerFactory for persistence unit 'default'
2017-Nov-05 20:50:13.755 INFO  [restartedMain] o.h.h.i.QueryTranslatorFactoryInitiator - HHH000397: Using ASTQueryTranslatorFactory
2017-Nov-05 20:50:15.168 INFO  [restartedMain] o.s.w.s.m.m.a.RequestMappingHandlerAdapter - Looking for @ControllerAdvice: org.springframework.boot.context.embedded.AnnotationConfigEmbeddedWebApplicationContext@7df5078e: startup date [Sun Nov 05 20:50:07 ICT 2017]; root of context hierarchy
2017-Nov-05 20:50:15.349 INFO  [restartedMain] o.s.w.s.m.m.a.RequestMappingHandlerMapping - Mapped "{[/bars],methods=[POST]}" onto public com.be.web.dto.Bar com.be.web.controller.BarController.create(com.be.web.dto.Bar)
2017-Nov-05 20:50:15.352 INFO  [restartedMain] o.s.w.s.m.m.a.RequestMappingHandlerMapping - Mapped "{[/bars/{id}],methods=[GET]}" onto public com.be.web.dto.Bar com.be.web.controller.BarController.findById(long)
2017-Nov-05 20:50:15.353 INFO  [restartedMain] o.s.w.s.m.m.a.RequestMappingHandlerMapping - Mapped "{[/foos],methods=[POST]}" onto public com.be.web.dto.Foo com.be.web.controller.FooController.create(com.be.web.dto.Foo)
2017-Nov-05 20:50:15.354 INFO  [restartedMain] o.s.w.s.m.m.a.RequestMappingHandlerMapping - Mapped "{[/foos/{id}],methods=[GET]}" onto public com.be.web.dto.Foo com.be.web.controller.FooController.findById(long)
2017-Nov-05 20:50:15.357 INFO  [restartedMain] o.s.w.s.m.m.a.RequestMappingHandlerMapping - Mapped "{[/users/extra],methods=[GET]}" onto public java.util.Map<java.lang.String, java.lang.Object> com.be.web.controller.UserController.getExtraInfo(org.springframework.security.oauth2.provider.OAuth2Authentication)
2017-Nov-05 20:50:15.358 INFO  [restartedMain] o.s.w.s.m.m.a.RequestMappingHandlerMapping - Mapped "{[/roles],methods=[GET]}" onto public java.util.Collection<? extends org.springframework.security.core.GrantedAuthority> com.be.web.controller.UserController.currentUserName(org.springframework.security.core.Authentication)
2017-Nov-05 20:50:15.358 INFO  [restartedMain] o.s.w.s.m.m.a.RequestMappingHandlerMapping - Mapped "{[/username],methods=[GET]}" onto public java.lang.String com.be.web.controller.UserController.currentUserName(java.security.Principal,javax.servlet.http.HttpServletRequest)
2017-Nov-05 20:50:15.359 INFO  [restartedMain] o.s.w.s.m.m.a.RequestMappingHandlerMapping - Mapped "{[/user],methods=[POST],consumes=[application/json]}" onto public com.be.web.dto.CommonResponse<com.be.web.entities.User> com.be.web.controller.UserController.createUser(com.be.web.dto.UserData)
2017-Nov-05 20:50:15.359 INFO  [restartedMain] o.s.w.s.m.m.a.RequestMappingHandlerMapping - Mapped "{[/user],methods=[PUT],consumes=[application/json]}" onto public com.be.web.dto.CommonResponse<com.be.web.entities.User> com.be.web.controller.UserController.updateUser(com.be.web.dto.UserData)
2017-Nov-05 20:50:15.359 INFO  [restartedMain] o.s.w.s.m.m.a.RequestMappingHandlerMapping - Mapped "{[/user/{id}],methods=[GET],produces=[application/json]}" onto public com.be.web.dto.CommonResponse<com.be.web.entities.User> com.be.web.controller.UserController.getUser(java.lang.Long)
2017-Nov-05 20:50:15.359 INFO  [restartedMain] o.s.w.s.m.m.a.RequestMappingHandlerMapping - Mapped "{[/users],methods=[GET],produces=[application/json]}" onto public com.be.web.dto.CommonResponse<java.util.List<com.be.web.entities.User>> com.be.web.controller.UserController.getListUsers(javax.servlet.http.HttpServletRequest,java.security.Principal)
2017-Nov-05 20:50:15.360 INFO  [restartedMain] o.s.w.s.m.m.a.RequestMappingHandlerMapping - Mapped "{[/user/username/{username}],methods=[GET],produces=[application/json]}" onto public com.be.web.dto.CommonResponse<com.be.web.entities.User> com.be.web.controller.UserController.getUserByUsername(java.lang.String)
2017-Nov-05 20:50:15.364 INFO  [restartedMain] o.s.w.s.m.m.a.RequestMappingHandlerMapping - Mapped "{[/error]}" onto public org.springframework.http.ResponseEntity<java.util.Map<java.lang.String, java.lang.Object>> org.springframework.boot.autoconfigure.web.BasicErrorController.error(javax.servlet.http.HttpServletRequest)
2017-Nov-05 20:50:15.365 INFO  [restartedMain] o.s.w.s.m.m.a.RequestMappingHandlerMapping - Mapped "{[/error],produces=[text/html]}" onto public org.springframework.web.servlet.ModelAndView org.springframework.boot.autoconfigure.web.BasicErrorController.errorHtml(javax.servlet.http.HttpServletRequest,javax.servlet.http.HttpServletResponse)
2017-Nov-05 20:50:15.596 INFO  [restartedMain] o.s.w.s.h.SimpleUrlHandlerMapping - Mapped URL path [/webjars/**] onto handler of type [class org.springframework.web.servlet.resource.ResourceHttpRequestHandler]
2017-Nov-05 20:50:15.596 INFO  [restartedMain] o.s.w.s.h.SimpleUrlHandlerMapping - Mapped URL path [/**] onto handler of type [class org.springframework.web.servlet.resource.ResourceHttpRequestHandler]
2017-Nov-05 20:50:15.764 INFO  [restartedMain] o.s.w.s.h.SimpleUrlHandlerMapping - Mapped URL path [/**/favicon.ico] onto handler of type [class org.springframework.web.servlet.resource.ResourceHttpRequestHandler]
2017-Nov-05 20:50:16.387 INFO  [restartedMain] o.s.b.a.s.AuthenticationManagerConfiguration - 

Using default security password: a8676a22-2b0d-45aa-9635-29877d04b0b0

2017-Nov-05 20:50:16.543 INFO  [restartedMain] o.s.s.w.DefaultSecurityFilterChain - Creating filter chain: OrRequestMatcher [requestMatchers=[Ant [pattern='/css/**'], Ant [pattern='/js/**'], Ant [pattern='/images/**'], Ant [pattern='/webjars/**'], Ant [pattern='/**/favicon.ico'], Ant [pattern='/error']]], []
2017-Nov-05 20:50:16.719 INFO  [restartedMain] o.s.s.w.DefaultSecurityFilterChain - Creating filter chain: org.springframework.security.web.util.matcher.AnyRequestMatcher@1, [org.springframework.security.web.context.request.async.WebAsyncManagerIntegrationFilter@57102a0a, org.springframework.security.web.context.SecurityContextPersistenceFilter@6ae23ad, org.springframework.security.web.header.HeaderWriterFilter@1f46f016, org.springframework.security.web.authentication.logout.LogoutFilter@26e8b0ea, org.springframework.security.oauth2.provider.authentication.OAuth2AuthenticationProcessingFilter@6f21f8e3, org.springframework.security.web.savedrequest.RequestCacheAwareFilter@217987cd, org.springframework.security.web.servletapi.SecurityContextHolderAwareRequestFilter@111b3d60, org.springframework.security.web.authentication.AnonymousAuthenticationFilter@2676d6b1, org.springframework.security.web.session.SessionManagementFilter@7a3bacde, org.springframework.security.web.access.ExceptionTranslationFilter@37e3c803, org.springframework.security.web.access.intercept.FilterSecurityInterceptor@7a442a28]
2017-Nov-05 20:50:16.765 INFO  [restartedMain] o.s.s.w.DefaultSecurityFilterChain - Creating filter chain: OrRequestMatcher [requestMatchers=[Ant [pattern='/**']]], [org.springframework.security.web.context.request.async.WebAsyncManagerIntegrationFilter@6c7ac11e, org.springframework.security.web.context.SecurityContextPersistenceFilter@14ba9cd0, org.springframework.security.web.header.HeaderWriterFilter@7be00cb3, org.springframework.security.web.authentication.logout.LogoutFilter@71131c14, org.springframework.security.web.authentication.www.BasicAuthenticationFilter@406b448f, org.springframework.security.web.savedrequest.RequestCacheAwareFilter@1cca2094, org.springframework.security.web.servletapi.SecurityContextHolderAwareRequestFilter@67b4222a, org.springframework.security.web.authentication.AnonymousAuthenticationFilter@376c67b6, org.springframework.security.web.session.SessionManagementFilter@1b18d3d6, org.springframework.security.web.access.ExceptionTranslationFilter@6f8cee95, org.springframework.security.web.access.intercept.FilterSecurityInterceptor@274d8aae]
2017-Nov-05 20:50:17.019 WARN  [restartedMain] o.s.b.d.a.OptionalLiveReloadServer - Unable to start LiveReload server
2017-Nov-05 20:50:17.328 INFO  [restartedMain] o.s.j.e.a.AnnotationMBeanExporter - Registering beans for JMX exposure on startup
2017-Nov-05 20:50:17.332 INFO  [restartedMain] o.s.j.e.a.AnnotationMBeanExporter - Bean with name 'dataSource' has been autodetected for JMX exposure
2017-Nov-05 20:50:17.425 INFO  [restartedMain] o.s.j.e.a.AnnotationMBeanExporter - Located MBean 'dataSource': registering with JMX server as MBean [com.zaxxer.hikari:name=dataSource,type=HikariDataSource]
2017-Nov-05 20:50:17.521 INFO  [restartedMain] o.s.b.c.e.t.TomcatEmbeddedServletContainer - Tomcat started on port(s): 8082 (http)
2017-Nov-05 20:50:17.528 INFO  [restartedMain] c.b.ResourceServerApplication - Started ResourceServerApplication in 10.631 seconds (JVM running for 11.783)
2017-Nov-05 20:52:00.557 INFO  [http-nio-8082-exec-4] o.a.c.c.C.[.[.[/common-resource] - Initializing Spring FrameworkServlet 'dispatcherServlet'
2017-Nov-05 20:52:00.558 INFO  [http-nio-8082-exec-4] o.s.w.s.DispatcherServlet - FrameworkServlet 'dispatcherServlet': initialization started
2017-Nov-05 20:52:00.615 INFO  [http-nio-8082-exec-4] o.s.w.s.DispatcherServlet - FrameworkServlet 'dispatcherServlet': initialization completed in 57 ms
2017-Nov-05 20:53:29.584 INFO  [Thread-2] o.s.b.c.e.AnnotationConfigEmbeddedWebApplicationContext - Closing org.springframework.boot.context.embedded.AnnotationConfigEmbeddedWebApplicationContext@7df5078e: startup date [Sun Nov 05 20:50:07 ICT 2017]; root of context hierarchy
2017-Nov-05 20:53:29.593 INFO  [Thread-2] o.s.j.e.a.AnnotationMBeanExporter - Unregistering JMX-exposed beans on shutdown
2017-Nov-05 20:53:29.594 INFO  [Thread-2] o.s.j.e.a.AnnotationMBeanExporter - Unregistering JMX-exposed beans
2017-Nov-05 20:53:29.596 INFO  [Thread-2] o.s.o.j.LocalContainerEntityManagerFactoryBean - Closing JPA EntityManagerFactory for persistence unit 'default'
2017-Nov-05 20:53:29.599 INFO  [Thread-2] c.z.h.HikariDataSource - HikariPool-1 - Shutdown initiated...
2017-Nov-05 20:53:29.716 INFO  [Thread-2] c.z.h.HikariDataSource - HikariPool-1 - Shutdown completed.
2017-Nov-05 20:53:30.320 INFO  [restartedMain] c.b.ResourceServerApplication - Starting ResourceServerApplication on Ha-PC with PID 5940 (D:\Spring\ecommerce\spring-ecommerce-v1\common-resource\target\classes started by Ha in D:\Spring\ecommerce\spring-ecommerce-v1\common-resource)
2017-Nov-05 20:53:30.321 DEBUG [restartedMain] c.b.ResourceServerApplication - Running with Spring Boot v1.5.1.RELEASE, Spring v4.3.6.RELEASE
2017-Nov-05 20:53:30.321 INFO  [restartedMain] c.b.ResourceServerApplication - No active profile set, falling back to default profiles: default
2017-Nov-05 20:53:30.327 INFO  [restartedMain] o.s.b.c.e.AnnotationConfigEmbeddedWebApplicationContext - Refreshing org.springframework.boot.context.embedded.AnnotationConfigEmbeddedWebApplicationContext@3701d081: startup date [Sun Nov 05 20:53:30 ICT 2017]; root of context hierarchy
